  [4;36;1mSQL (0.5ms)[0m   [0;1m SELECT name
 FROM sqlite_master
 WHERE type = 'table' AND NOT name = 'sqlite_sequence'
[0m
  [4;35;1mSQL (0.3ms)[0m   [0mselect sqlite_version(*)[0m
  [4;36;1mSQL (8.7ms)[0m   [0;1mCREATE TABLE "schema_migrations" ("version" varchar(255) NOT NULL) [0m
  [4;35;1mSQL (0.1ms)[0m   [0mPRAGMA index_list("schema_migrations")[0m
  [4;36;1mSQL (4.3ms)[0m   [0;1mCREATE UNIQUE INDEX "unique_schema_migrations" ON "schema_migrations" ("version")[0m
  [4;35;1mSQL (0.4ms)[0m   [0m SELECT name
 FROM sqlite_master
 WHERE type = 'table' AND NOT name = 'sqlite_sequence'
[0m
  [4;36;1mSQL (0.2ms)[0m   [0;1mSELECT version FROM schema_migrations[0m
Migrating to CreateUsers (20100607182502)
  [4;35;1mSQL (0.9ms)[0m   [0mCREATE TABLE "users" ("id" INTEGER PRIMARY KEY AUTOINCREMENT NOT NULL, "name" varchar(255), "oauth_token" varchar(255), "oauth_secret" varchar(255), "email" varchar(255), "created_at" datetime, "updated_at" datetime) [0m
  [4;36;1mSQL (0.2ms)[0m   [0;1mINSERT INTO schema_migrations (version) VALUES ('20100607182502')[0m
  [4;35;1mSQL (6.2ms)[0m   [0m SELECT name
 FROM sqlite_master
 WHERE type = 'table' AND NOT name = 'sqlite_sequence'
[0m
  [4;36;1mSQL (0.4ms)[0m   [0;1mSELECT version FROM schema_migrations[0m
  [4;35;1mSQL (0.4ms)[0m   [0m SELECT name
 FROM sqlite_master
 WHERE type = 'table' AND NOT name = 'sqlite_sequence'
[0m
  [4;36;1mSQL (0.1ms)[0m   [0;1mPRAGMA index_list("users")[0m
/!\ FAILSAFE /!\  Mon Jun 07 11:28:08 -0700 2010
  Status: 500 Internal Server Error
  /home/wastro/art/late/app/controllers/application_controller.rb:24: syntax error, unexpected tLBRACE, expecting ')'
/home/wastro/art/late/app/controllers/application_controller.rb:28: syntax error, unexpected ')', expecting '}'
    /usr/lib/ruby/gems/1.8/gems/activesupport-2.3.8/lib/active_support/dependencies.rb:380:in `load_without_new_constant_marking'
    /usr/lib/ruby/gems/1.8/gems/activesupport-2.3.8/lib/active_support/dependencies.rb:380:in `load_file'
    /usr/lib/ruby/gems/1.8/gems/activesupport-2.3.8/lib/active_support/dependencies.rb:521:in `new_constants_in'
    /usr/lib/ruby/gems/1.8/gems/activesupport-2.3.8/lib/active_support/dependencies.rb:379:in `load_file'
    /usr/lib/ruby/gems/1.8/gems/activesupport-2.3.8/lib/active_support/dependencies.rb:259:in `require_or_load'
    /usr/lib/ruby/gems/1.8/gems/activesupport-2.3.8/lib/active_support/dependencies.rb:425:in `load_missing_constant'
    /usr/lib/ruby/gems/1.8/gems/activesupport-2.3.8/lib/active_support/dependencies.rb:80:in `const_missing'
    /usr/lib/ruby/gems/1.8/gems/activesupport-2.3.8/lib/active_support/dependencies.rb:92:in `const_missing'
    /usr/lib/ruby/gems/1.8/gems/actionpack-2.3.8/lib/action_controller/dispatcher.rb:89:in `dispatch'
    /usr/lib/ruby/gems/1.8/gems/actionpack-2.3.8/lib/action_controller/dispatcher.rb:121:in `_call'
    /usr/lib/ruby/gems/1.8/gems/actionpack-2.3.8/lib/action_controller/dispatcher.rb:130
    /usr/lib/ruby/gems/1.8/gems/activerecord-2.3.8/lib/active_record/query_cache.rb:29:in `call'
    /usr/lib/ruby/gems/1.8/gems/activerecord-2.3.8/lib/active_record/query_cache.rb:29:in `call'
    /usr/lib/ruby/gems/1.8/gems/activerecord-2.3.8/lib/active_record/connection_adapters/abstract/query_cache.rb:34:in `cache'
    /usr/lib/ruby/gems/1.8/gems/activerecord-2.3.8/lib/active_record/query_cache.rb:9:in `cache'
    /usr/lib/ruby/gems/1.8/gems/activerecord-2.3.8/lib/active_record/query_cache.rb:28:in `call'
    /usr/lib/ruby/gems/1.8/gems/activerecord-2.3.8/lib/active_record/connection_adapters/abstract/connection_pool.rb:361:in `call'
    /usr/lib/ruby/gems/1.8/gems/actionpack-2.3.8/lib/action_controller/string_coercion.rb:25:in `call'
    /usr/lib/ruby/gems/1.8/gems/rack-1.1.0/lib/rack/head.rb:9:in `call'
    /usr/lib/ruby/gems/1.8/gems/rack-1.1.0/lib/rack/methodoverride.rb:24:in `call'
    /usr/lib/ruby/gems/1.8/gems/actionpack-2.3.8/lib/action_controller/params_parser.rb:15:in `call'
    /usr/lib/ruby/gems/1.8/gems/actionpack-2.3.8/lib/action_controller/session/cookie_store.rb:99:in `call'
    /usr/lib/ruby/gems/1.8/gems/actionpack-2.3.8/lib/action_controller/failsafe.rb:26:in `call'
    /usr/lib/ruby/gems/1.8/gems/rack-1.1.0/lib/rack/lock.rb:11:in `call'
    /usr/lib/ruby/gems/1.8/gems/rack-1.1.0/lib/rack/lock.rb:11:in `synchronize'
    /usr/lib/ruby/gems/1.8/gems/rack-1.1.0/lib/rack/lock.rb:11:in `call'
    /usr/lib/ruby/gems/1.8/gems/actionpack-2.3.8/lib/action_controller/dispatcher.rb:114:in `call'
    /usr/lib/ruby/gems/1.8/gems/actionpack-2.3.8/lib/action_controller/reloader.rb:34:in `run'
    /usr/lib/ruby/gems/1.8/gems/actionpack-2.3.8/lib/action_controller/dispatcher.rb:108:in `call'
    /usr/lib/ruby/gems/1.8/gems/rails-2.3.8/lib/rails/rack/static.rb:31:in `call'
    /usr/lib/ruby/gems/1.8/gems/rack-1.1.0/lib/rack/urlmap.rb:47:in `call'
    /usr/lib/ruby/gems/1.8/gems/rack-1.1.0/lib/rack/urlmap.rb:41:in `each'
    /usr/lib/ruby/gems/1.8/gems/rack-1.1.0/lib/rack/urlmap.rb:41:in `call'
    /usr/lib/ruby/gems/1.8/gems/rails-2.3.8/lib/rails/rack/log_tailer.rb:17:in `call'
    /usr/lib/ruby/gems/1.8/gems/rack-1.1.0/lib/rack/content_length.rb:13:in `call'
    /usr/lib/ruby/gems/1.8/gems/rack-1.1.0/lib/rack/chunked.rb:15:in `call'
    /usr/lib/ruby/gems/1.8/gems/rack-1.1.0/lib/rack/handler/mongrel.rb:67:in `process'
    /usr/lib/ruby/1.8/mongrel.rb:159:in `process_client'
    /usr/lib/ruby/1.8/mongrel.rb:158:in `each'
    /usr/lib/ruby/1.8/mongrel.rb:158:in `process_client'
    /usr/lib/ruby/1.8/mongrel.rb:285:in `run'
    /usr/lib/ruby/1.8/mongrel.rb:285:in `initialize'
    /usr/lib/ruby/1.8/mongrel.rb:285:in `new'
    /usr/lib/ruby/1.8/mongrel.rb:285:in `run'
    /usr/lib/ruby/1.8/mongrel.rb:268:in `initialize'
    /usr/lib/ruby/1.8/mongrel.rb:268:in `new'
    /usr/lib/ruby/1.8/mongrel.rb:268:in `run'
    /usr/lib/ruby/gems/1.8/gems/rack-1.1.0/lib/rack/handler/mongrel.rb:38:in `run'
    /usr/lib/ruby/gems/1.8/gems/rails-2.3.8/lib/commands/server.rb:111
    /usr/local/lib/site_ruby/1.8/rubygems/custom_require.rb:31:in `gem_original_require'
    /usr/local/lib/site_ruby/1.8/rubygems/custom_require.rb:31:in `require'
    script/server:3


Processing ApplicationController#new (for 127.0.0.1 at 2010-06-07 11:28:59) [GET]

LoadError (Expected /home/wastro/art/late/app/controllers/sessions_controller.rb to define SessionsController):
  /usr/lib/ruby/1.8/mongrel.rb:159:in `process_client'
  /usr/lib/ruby/1.8/mongrel.rb:158:in `each'
  /usr/lib/ruby/1.8/mongrel.rb:158:in `process_client'
  /usr/lib/ruby/1.8/mongrel.rb:285:in `run'
  /usr/lib/ruby/1.8/mongrel.rb:285:in `initialize'
  /usr/lib/ruby/1.8/mongrel.rb:285:in `new'
  /usr/lib/ruby/1.8/mongrel.rb:285:in `run'
  /usr/lib/ruby/1.8/mongrel.rb:268:in `initialize'
  /usr/lib/ruby/1.8/mongrel.rb:268:in `new'
  /usr/lib/ruby/1.8/mongrel.rb:268:in `run'

Rendered rescues/_trace (60.2ms)
Rendered rescues/_request_and_response (2.2ms)
Rendering rescues/layout (internal_server_error)


Processing SessionsController#new (for 127.0.0.1 at 2010-06-07 11:29:18) [GET]

NameError (uninitialized constant OAuth::VERSION):
  oauth (0.4.0) lib/oauth/client/helper.rb:64:in `amend_user_agent_header'
  oauth (0.4.0) lib/oauth/client/net_http.rb:28:in `oauth!'
  oauth (0.4.0) lib/oauth/consumer.rb:223:in `sign!'
  oauth (0.4.0) lib/oauth/consumer.rb:189:in `create_signed_request'
  oauth (0.4.0) lib/oauth/consumer.rb:159:in `request'
  oauth (0.4.0) lib/oauth/consumer.rb:195:in `token_request'
  oauth (0.4.0) lib/oauth/consumer.rb:136:in `get_request_token'
  app/controllers/sessions_controller.rb:6:in `new'
  /usr/lib/ruby/1.8/mongrel.rb:159:in `process_client'
  /usr/lib/ruby/1.8/mongrel.rb:158:in `each'
  /usr/lib/ruby/1.8/mongrel.rb:158:in `process_client'
  /usr/lib/ruby/1.8/mongrel.rb:285:in `run'
  /usr/lib/ruby/1.8/mongrel.rb:285:in `initialize'
  /usr/lib/ruby/1.8/mongrel.rb:285:in `new'
  /usr/lib/ruby/1.8/mongrel.rb:285:in `run'
  /usr/lib/ruby/1.8/mongrel.rb:268:in `initialize'
  /usr/lib/ruby/1.8/mongrel.rb:268:in `new'
  /usr/lib/ruby/1.8/mongrel.rb:268:in `run'

Rendered rescues/_trace (285.5ms)
Rendered rescues/_request_and_response (2.3ms)
Rendering rescues/layout (internal_server_error)


Processing SessionsController#new (for 127.0.0.1 at 2010-06-07 11:30:46) [GET]
Redirected to https://www.google.com/accounts/OAuthAuthorizeToken?oauth_token=4%2FPPnPor5-jmrgbqaTKQ5_BJp6dU3H&oauth_callback=http://localhost:3000/session/create
Completed in 746ms (DB: 0) | 302 Found [http://localhost/sessions/new]


Processing ApplicationController#index (for 127.0.0.1 at 2010-06-07 11:30:54) [GET]
  Parameters: {"oauth_token"=>"4/PPnPor5-jmrgbqaTKQ5_BJp6dU3H"}

ActionController::RoutingError (No route matches "/session/create" with {:method=>:get}):
  /usr/lib/ruby/1.8/mongrel.rb:159:in `process_client'
  /usr/lib/ruby/1.8/mongrel.rb:158:in `each'
  /usr/lib/ruby/1.8/mongrel.rb:158:in `process_client'
  /usr/lib/ruby/1.8/mongrel.rb:285:in `run'
  /usr/lib/ruby/1.8/mongrel.rb:285:in `initialize'
  /usr/lib/ruby/1.8/mongrel.rb:285:in `new'
  /usr/lib/ruby/1.8/mongrel.rb:285:in `run'
  /usr/lib/ruby/1.8/mongrel.rb:268:in `initialize'
  /usr/lib/ruby/1.8/mongrel.rb:268:in `new'
  /usr/lib/ruby/1.8/mongrel.rb:268:in `run'

Rendering rescues/layout (not_found)


Processing ApplicationController#index (for 127.0.0.1 at 2010-06-07 11:31:33) [GET]

ActionController::RoutingError (No route matches "/session/new" with {:method=>:get}):
  /usr/lib/ruby/1.8/mongrel.rb:159:in `process_client'
  /usr/lib/ruby/1.8/mongrel.rb:158:in `each'
  /usr/lib/ruby/1.8/mongrel.rb:158:in `process_client'
  /usr/lib/ruby/1.8/mongrel.rb:285:in `run'
  /usr/lib/ruby/1.8/mongrel.rb:285:in `initialize'
  /usr/lib/ruby/1.8/mongrel.rb:285:in `new'
  /usr/lib/ruby/1.8/mongrel.rb:285:in `run'
  /usr/lib/ruby/1.8/mongrel.rb:268:in `initialize'
  /usr/lib/ruby/1.8/mongrel.rb:268:in `new'
  /usr/lib/ruby/1.8/mongrel.rb:268:in `run'

Rendering rescues/layout (not_found)


Processing SessionController#new (for 127.0.0.1 at 2010-06-07 11:31:58) [GET]
Redirected to https://www.google.com/accounts/OAuthAuthorizeToken?oauth_token=4%2FvQPIR2LqFSyH8qQ1NZ2Ux4KoTyEd&oauth_callback=http://localhost:3000/session/create
Completed in 675ms (DB: 0) | 302 Found [http://localhost/session/new]


Processing SessionController#create (for 127.0.0.1 at 2010-06-07 11:32:02) [GET]
  Parameters: {"oauth_token"=>"4/vQPIR2LqFSyH8qQ1NZ2Ux4KoTyEd"}

NameError (uninitialized constant SessionController::XmlSimple):
  app/controllers/session_controller.rb:15:in `create'
  /usr/lib/ruby/1.8/mongrel.rb:159:in `process_client'
  /usr/lib/ruby/1.8/mongrel.rb:158:in `each'
  /usr/lib/ruby/1.8/mongrel.rb:158:in `process_client'
  /usr/lib/ruby/1.8/mongrel.rb:285:in `run'
  /usr/lib/ruby/1.8/mongrel.rb:285:in `initialize'
  /usr/lib/ruby/1.8/mongrel.rb:285:in `new'
  /usr/lib/ruby/1.8/mongrel.rb:285:in `run'
  /usr/lib/ruby/1.8/mongrel.rb:268:in `initialize'
  /usr/lib/ruby/1.8/mongrel.rb:268:in `new'
  /usr/lib/ruby/1.8/mongrel.rb:268:in `run'

Rendered rescues/_trace (108.7ms)
Rendered rescues/_request_and_response (2.6ms)
Rendering rescues/layout (internal_server_error)


Processing SessionController#new (for 127.0.0.1 at 2010-06-07 11:35:47) [GET]
Redirected to https://www.google.com/accounts/OAuthAuthorizeToken?oauth_token=4%2FLQlxE4ZLJ_veWPD4lCsH63ce1Psj&oauth_callback=http://localhost:3000/session/create
Completed in 761ms (DB: 0) | 302 Found [http://localhost/session/new]


Processing SessionController#create (for 127.0.0.1 at 2010-06-07 11:35:51) [GET]
  Parameters: {"oauth_token"=>"4/LQlxE4ZLJ_veWPD4lCsH63ce1Psj"}
Completed in 1434ms (View: 2, DB: 0) | 200 OK [http://localhost/session/create?oauth_token=4%2FLQlxE4ZLJ_veWPD4lCsH63ce1Psj]


Processing SessionController#new (for 127.0.0.1 at 2010-06-07 11:40:46) [GET]

Net::HTTPServerException (400 "Bad Request"):
  /usr/lib/ruby/1.8/net/http.rb:2101:in `error!'
  oauth (0.3.1) lib/oauth/consumer.rb:130:in `token_request'
  oauth (0.3.1) lib/oauth/consumer.rb:94:in `get_request_token'
  app/controllers/session_controller.rb:6:in `new'
  /usr/lib/ruby/1.8/mongrel.rb:159:in `process_client'
  /usr/lib/ruby/1.8/mongrel.rb:158:in `each'
  /usr/lib/ruby/1.8/mongrel.rb:158:in `process_client'
  /usr/lib/ruby/1.8/mongrel.rb:285:in `run'
  /usr/lib/ruby/1.8/mongrel.rb:285:in `initialize'
  /usr/lib/ruby/1.8/mongrel.rb:285:in `new'
  /usr/lib/ruby/1.8/mongrel.rb:285:in `run'
  /usr/lib/ruby/1.8/mongrel.rb:268:in `initialize'
  /usr/lib/ruby/1.8/mongrel.rb:268:in `new'
  /usr/lib/ruby/1.8/mongrel.rb:268:in `run'

Rendered rescues/_trace (526.6ms)
Rendered rescues/_request_and_response (2.4ms)
Rendering rescues/layout (internal_server_error)


Processing SessionController#new (for 127.0.0.1 at 2010-06-07 11:44:09) [GET]

Net::HTTPServerException (400 "Bad Request"):
  /usr/lib/ruby/1.8/net/http.rb:2101:in `error!'
  oauth (0.3.1) lib/oauth/consumer.rb:130:in `token_request'
  oauth (0.3.1) lib/oauth/consumer.rb:94:in `get_request_token'
  app/controllers/session_controller.rb:6:in `new'
  /usr/lib/ruby/1.8/mongrel.rb:159:in `process_client'
  /usr/lib/ruby/1.8/mongrel.rb:158:in `each'
  /usr/lib/ruby/1.8/mongrel.rb:158:in `process_client'
  /usr/lib/ruby/1.8/mongrel.rb:285:in `run'
  /usr/lib/ruby/1.8/mongrel.rb:285:in `initialize'
  /usr/lib/ruby/1.8/mongrel.rb:285:in `new'
  /usr/lib/ruby/1.8/mongrel.rb:285:in `run'
  /usr/lib/ruby/1.8/mongrel.rb:268:in `initialize'
  /usr/lib/ruby/1.8/mongrel.rb:268:in `new'
  /usr/lib/ruby/1.8/mongrel.rb:268:in `run'

Rendered rescues/_trace (270.2ms)
Rendered rescues/_request_and_response (2.5ms)
Rendering rescues/layout (internal_server_error)


Processing SessionController#new (for 127.0.0.1 at 2010-06-07 11:44:37) [GET]

Net::HTTPServerException (400 "Bad Request"):
  /usr/lib/ruby/1.8/net/http.rb:2101:in `error!'
  oauth (0.3.1) lib/oauth/consumer.rb:130:in `token_request'
  oauth (0.3.1) lib/oauth/consumer.rb:94:in `get_request_token'
  app/controllers/session_controller.rb:6:in `new'
  /usr/lib/ruby/1.8/mongrel.rb:159:in `process_client'
  /usr/lib/ruby/1.8/mongrel.rb:158:in `each'
  /usr/lib/ruby/1.8/mongrel.rb:158:in `process_client'
  /usr/lib/ruby/1.8/mongrel.rb:285:in `run'
  /usr/lib/ruby/1.8/mongrel.rb:285:in `initialize'
  /usr/lib/ruby/1.8/mongrel.rb:285:in `new'
  /usr/lib/ruby/1.8/mongrel.rb:285:in `run'
  /usr/lib/ruby/1.8/mongrel.rb:268:in `initialize'
  /usr/lib/ruby/1.8/mongrel.rb:268:in `new'
  /usr/lib/ruby/1.8/mongrel.rb:268:in `run'

Rendered rescues/_trace (266.5ms)
Rendered rescues/_request_and_response (2.3ms)
Rendering rescues/layout (internal_server_error)


Processing SessionController#new (for 127.0.0.1 at 2010-06-07 11:46:08) [GET]
Redirected to https://www.google.com/latitude/apps/OAuthAuthorizeToken?oauth_token=4%2Fi94fR9tGBPJjkw5CZKTpw_xv7alL&oauth_callback=http://localhost:3000/session/create
Completed in 757ms (DB: 0) | 302 Found [http://localhost/session/new]


Processing SessionController#create (for 127.0.0.1 at 2010-06-07 11:46:09) [GET]
  Parameters: {"latitudeAuthResponse"=>"INVALID_REQUEST_PARAMS"}

Net::HTTPServerException (400 "Bad Request"):
  /usr/lib/ruby/1.8/net/http.rb:2101:in `error!'
  oauth (0.3.1) lib/oauth/consumer.rb:130:in `token_request'
  oauth (0.3.1) lib/oauth/token.rb:65:in `get_access_token'
  app/controllers/session_controller.rb:14:in `create'
  /usr/lib/ruby/1.8/mongrel.rb:159:in `process_client'
  /usr/lib/ruby/1.8/mongrel.rb:158:in `each'
  /usr/lib/ruby/1.8/mongrel.rb:158:in `process_client'
  /usr/lib/ruby/1.8/mongrel.rb:285:in `run'
  /usr/lib/ruby/1.8/mongrel.rb:285:in `initialize'
  /usr/lib/ruby/1.8/mongrel.rb:285:in `new'
  /usr/lib/ruby/1.8/mongrel.rb:285:in `run'
  /usr/lib/ruby/1.8/mongrel.rb:268:in `initialize'
  /usr/lib/ruby/1.8/mongrel.rb:268:in `new'
  /usr/lib/ruby/1.8/mongrel.rb:268:in `run'

Rendered rescues/_trace (84.0ms)
Rendered rescues/_request_and_response (2.7ms)
Rendering rescues/layout (internal_server_error)


Processing SessionController#new (for 127.0.0.1 at 2010-06-07 11:48:12) [GET]
Redirected to https://www.google.com/latitude/apps/OAuthAuthorizeToken?oauth_token=4%2Fjm0S1u49ccMgb83pMOYzHoHjK-sV&oauth_callback=http://localhost:3000/session/create
Completed in 703ms (DB: 0) | 302 Found [http://localhost/session/new]


Processing SessionController#create (for 127.0.0.1 at 2010-06-07 11:48:14) [GET]
  Parameters: {"latitudeAuthResponse"=>"INVALID_REQUEST_PARAMS"}

Net::HTTPServerException (400 "Bad Request"):
  /usr/lib/ruby/1.8/net/http.rb:2101:in `error!'
  oauth (0.3.1) lib/oauth/consumer.rb:130:in `token_request'
  oauth (0.3.1) lib/oauth/token.rb:65:in `get_access_token'
  app/controllers/session_controller.rb:14:in `create'
  /usr/lib/ruby/1.8/mongrel.rb:159:in `process_client'
  /usr/lib/ruby/1.8/mongrel.rb:158:in `each'
  /usr/lib/ruby/1.8/mongrel.rb:158:in `process_client'
  /usr/lib/ruby/1.8/mongrel.rb:285:in `run'
  /usr/lib/ruby/1.8/mongrel.rb:285:in `initialize'
  /usr/lib/ruby/1.8/mongrel.rb:285:in `new'
  /usr/lib/ruby/1.8/mongrel.rb:285:in `run'
  /usr/lib/ruby/1.8/mongrel.rb:268:in `initialize'
  /usr/lib/ruby/1.8/mongrel.rb:268:in `new'
  /usr/lib/ruby/1.8/mongrel.rb:268:in `run'

Rendered rescues/_trace (76.0ms)
Rendered rescues/_request_and_response (0.6ms)
Rendering rescues/layout (internal_server_error)


Processing SessionController#new (for 127.0.0.1 at 2010-06-07 11:49:56) [GET]
Redirected to https://www.google.com/latitude/apps/OAuthAuthorizeToken?oauth_token=4%2Fgx06GzWygbrGwbeDfU74cNM0_Wyq
Completed in 673ms (DB: 0) | 302 Found [http://localhost/session/new]


Processing SessionController#new (for 127.0.0.1 at 2010-06-07 12:01:15) [GET]
Redirected to https://www.google.com/latitude/apps/OAuthAuthorizeToken?oauth_token=4%2FI5gjr01aVuzG7xFAiRHDwDoooUNw
Completed in 829ms (DB: 0) | 302 Found [http://localhost/session/new]


Processing SessionController#new (for 127.0.0.1 at 2010-06-07 12:08:31) [GET]
Redirected to https://www.google.com/latitude/apps/OAuthAuthorizeToken?oauth_token=4%2FmiGYjJgnT6y-QR_CFNE9PkcOYSVa
Completed in 976ms (DB: 0) | 302 Found [http://localhost/session/new]


Processing SessionController#new (for 127.0.0.1 at 2010-06-07 12:21:17) [GET]
Redirected to https://www.google.com/latitude/apps/OAuthAuthorizeToken?oauth_token=4%2Fzm5NkjjQo3NSyiMjxO2Mp6UIYywS
Completed in 1096ms (DB: 0) | 302 Found [http://localhost/session/new]


Processing SessionController#new (for 127.0.0.1 at 2010-06-07 12:23:32) [GET]
Completed in 787ms (View: 2, DB: 0) | 200 OK [http://localhost/session/new]


Processing SessionController#new (for 127.0.0.1 at 2010-06-07 12:25:48) [GET]
Redirected to https://www.google.com/latitude/apps/OAuthAuthorizeToken?oauth_token=4%2FBr8SsTJI0e9MhtmgxqVK8LkNP-6H&domain=ec2-174-129-178-1.compute-1.amazonaws.com&oauth_callback=http://localhost:3000/session/create
Completed in 693ms (DB: 0) | 302 Found [http://localhost/session/new]


Processing SessionController#new (for 127.0.0.1 at 2010-06-07 12:41:00) [GET]
Redirected to https://www.google.com/latitude/apps/OAuthAuthorizeToken?oauth_token=4%2FZZibwG82dGR3ROR_t1UPrcUH5Gnl&domain=ec2-174-129-178-1.compute-1.amazonaws.com&oauth_callback=http://localhost:3000/session/create
Completed in 822ms (DB: 0) | 302 Found [http://localhost/session/new]


Processing SessionController#new (for 127.0.0.1 at 2010-06-07 12:43:20) [GET]
Redirected to https://www.google.com/latitude/apps/OAuthAuthorizeToken?oauth_token=4%2Ff80F5tsFDGkq7LuuxKpA8VReyy64&domain=ec2-174-129-178-1.compute-1.amazonaws.com&oauth_callback=http://localhost:3000/session/create
Completed in 1056ms (DB: 0) | 302 Found [http://localhost/session/new]


Processing SessionController#new (for 127.0.0.1 at 2010-06-07 12:44:17) [GET]
Redirected to https://www.google.com/latitude/apps/OAuthAuthorizeToken?oauth_token=4%2FQeQ_jJKWMijFnN7OeynYXvvqBh86&domain=ec2-174-129-178-1.compute-1.amazonaws.com
Completed in 725ms (DB: 0) | 302 Found [http://localhost/session/new]


Processing SessionController#create (for 127.0.0.1 at 2010-06-07 12:44:23) [GET]
  Parameters: {"oauth_verifier"=>"WKmwW+N9PNhJM08Cy/h4qHuN", "oauth_token"=>"4/QeQ_jJKWMijFnN7OeynYXvvqBh86"}

Net::HTTPServerException (400 "Bad Request"):
  /usr/lib/ruby/1.8/net/http.rb:2101:in `error!'
  oauth (0.3.1) lib/oauth/consumer.rb:130:in `token_request'
  oauth (0.3.1) lib/oauth/token.rb:65:in `get_access_token'
  app/controllers/session_controller.rb:14:in `create'
  /usr/lib/ruby/1.8/mongrel.rb:159:in `process_client'
  /usr/lib/ruby/1.8/mongrel.rb:158:in `each'
  /usr/lib/ruby/1.8/mongrel.rb:158:in `process_client'
  /usr/lib/ruby/1.8/mongrel.rb:285:in `run'
  /usr/lib/ruby/1.8/mongrel.rb:285:in `initialize'
  /usr/lib/ruby/1.8/mongrel.rb:285:in `new'
  /usr/lib/ruby/1.8/mongrel.rb:285:in `run'
  /usr/lib/ruby/1.8/mongrel.rb:268:in `initialize'
  /usr/lib/ruby/1.8/mongrel.rb:268:in `new'
  /usr/lib/ruby/1.8/mongrel.rb:268:in `run'

Rendered rescues/_trace (135.5ms)
Rendered rescues/_request_and_response (15.3ms)
Rendering rescues/layout (internal_server_error)


Processing SessionController#new (for 127.0.0.1 at 2010-06-07 12:46:13) [GET]
Redirected to https://www.google.com/latitude/apps/OAuthAuthorizeToken?oauth_token=4%2FrkiIGFxD1raDCWonLpsfRKabIRpt&domain=ec2-174-129-178-1.compute-1.amazonaws.com
Completed in 673ms (DB: 0) | 302 Found [http://localhost/session/new]


Processing SessionController#create (for 127.0.0.1 at 2010-06-07 12:46:20) [GET]
  Parameters: {"oauth_verifier"=>"p739WCUF0w3jIw740IVvSsyj", "oauth_token"=>"4/rkiIGFxD1raDCWonLpsfRKabIRpt"}

Net::HTTPServerException (400 "Bad Request"):
  /usr/lib/ruby/1.8/net/http.rb:2101:in `error!'
  oauth (0.3.1) lib/oauth/consumer.rb:130:in `token_request'
  oauth (0.3.1) lib/oauth/token.rb:65:in `get_access_token'
  app/controllers/session_controller.rb:14:in `create'
  /usr/lib/ruby/1.8/mongrel.rb:159:in `process_client'
  /usr/lib/ruby/1.8/mongrel.rb:158:in `each'
  /usr/lib/ruby/1.8/mongrel.rb:158:in `process_client'
  /usr/lib/ruby/1.8/mongrel.rb:285:in `run'
  /usr/lib/ruby/1.8/mongrel.rb:285:in `initialize'
  /usr/lib/ruby/1.8/mongrel.rb:285:in `new'
  /usr/lib/ruby/1.8/mongrel.rb:285:in `run'
  /usr/lib/ruby/1.8/mongrel.rb:268:in `initialize'
  /usr/lib/ruby/1.8/mongrel.rb:268:in `new'
  /usr/lib/ruby/1.8/mongrel.rb:268:in `run'

Rendered rescues/_trace (85.2ms)
Rendered rescues/_request_and_response (0.6ms)
Rendering rescues/layout (internal_server_error)


Processing SessionController#create (for 127.0.0.1 at 2010-06-07 12:48:06) [GET]
  Parameters: {"oauth_verifier"=>"p739WCUF0w3jIw740IVvSsyj", "oauth_token"=>"4/rkiIGFxD1raDCWonLpsfRKabIRpt"}

Net::HTTPServerException (400 "Bad Request"):
  /usr/lib/ruby/1.8/net/http.rb:2101:in `error!'
  oauth (0.3.1) lib/oauth/consumer.rb:131:in `token_request'
  oauth (0.3.1) lib/oauth/token.rb:65:in `get_access_token'
  app/controllers/session_controller.rb:14:in `create'
  /usr/lib/ruby/1.8/mongrel.rb:159:in `process_client'
  /usr/lib/ruby/1.8/mongrel.rb:158:in `each'
  /usr/lib/ruby/1.8/mongrel.rb:158:in `process_client'
  /usr/lib/ruby/1.8/mongrel.rb:285:in `run'
  /usr/lib/ruby/1.8/mongrel.rb:285:in `initialize'
  /usr/lib/ruby/1.8/mongrel.rb:285:in `new'
  /usr/lib/ruby/1.8/mongrel.rb:285:in `run'
  /usr/lib/ruby/1.8/mongrel.rb:268:in `initialize'
  /usr/lib/ruby/1.8/mongrel.rb:268:in `new'
  /usr/lib/ruby/1.8/mongrel.rb:268:in `run'

Rendered rescues/_trace (352.1ms)
Rendered rescues/_request_and_response (2.4ms)
Rendering rescues/layout (internal_server_error)


Processing SessionController#create (for 127.0.0.1 at 2010-06-07 12:49:55) [GET]
  Parameters: {"oauth_verifier"=>"p739WCUF0w3jIw740IVvSsyj", "oauth_token"=>"4/rkiIGFxD1raDCWonLpsfRKabIRpt"}

Net::HTTPServerException (400 "Bad Request"):
  /usr/lib/ruby/1.8/net/http.rb:2101:in `error!'
  oauth (0.3.1) lib/oauth/consumer.rb:131:in `token_request'
  oauth (0.3.1) lib/oauth/token.rb:65:in `get_access_token'
  app/controllers/session_controller.rb:14:in `create'
  /usr/lib/ruby/1.8/mongrel.rb:159:in `process_client'
  /usr/lib/ruby/1.8/mongrel.rb:158:in `each'
  /usr/lib/ruby/1.8/mongrel.rb:158:in `process_client'
  /usr/lib/ruby/1.8/mongrel.rb:285:in `run'
  /usr/lib/ruby/1.8/mongrel.rb:285:in `initialize'
  /usr/lib/ruby/1.8/mongrel.rb:285:in `new'
  /usr/lib/ruby/1.8/mongrel.rb:285:in `run'
  /usr/lib/ruby/1.8/mongrel.rb:268:in `initialize'
  /usr/lib/ruby/1.8/mongrel.rb:268:in `new'
  /usr/lib/ruby/1.8/mongrel.rb:268:in `run'

Rendered rescues/_trace (97.8ms)
Rendered rescues/_request_and_response (0.6ms)
Rendering rescues/layout (internal_server_error)


Processing SessionController#create (for 127.0.0.1 at 2010-06-07 12:50:39) [GET]
  Parameters: {"oauth_verifier"=>"p739WCUF0w3jIw740IVvSsyj", "oauth_token"=>"4/rkiIGFxD1raDCWonLpsfRKabIRpt"}

ThreadError (killed thread):
  app/controllers/session_controller.rb:15:in `new'
  app/controllers/session_controller.rb:15:in `create'
  /usr/lib/ruby/1.8/mongrel.rb:159:in `process_client'
  /usr/lib/ruby/1.8/mongrel.rb:158:in `each'
  /usr/lib/ruby/1.8/mongrel.rb:158:in `process_client'
  /usr/lib/ruby/1.8/mongrel.rb:285:in `run'
  /usr/lib/ruby/1.8/mongrel.rb:285:in `initialize'
  /usr/lib/ruby/1.8/mongrel.rb:285:in `new'
  /usr/lib/ruby/1.8/mongrel.rb:285:in `run'
  /usr/lib/ruby/1.8/mongrel.rb:268:in `initialize'
  /usr/lib/ruby/1.8/mongrel.rb:268:in `new'
  /usr/lib/ruby/1.8/mongrel.rb:268:in `run'

Rendered rescues/_trace (111.8ms)
Rendered rescues/_request_and_response (4.4ms)
Rendering rescues/layout (internal_server_error)


Processing SessionController#create (for 127.0.0.1 at 2010-06-07 12:53:21) [GET]
  Parameters: {"oauth_verifier"=>"p739WCUF0w3jIw740IVvSsyj", "oauth_token"=>"4/rkiIGFxD1raDCWonLpsfRKabIRpt"}
Completed in 1001ms (View: 1, DB: 0) | 200 OK [http://localhost/session/create?oauth_verifier=p739WCUF0w3jIw740IVvSsyj&oauth_token=4%2FrkiIGFxD1raDCWonLpsfRKabIRpt]


Processing SessionController#create (for 127.0.0.1 at 2010-06-07 12:54:21) [GET]
  Parameters: {"oauth_verifier"=>"p739WCUF0w3jIw740IVvSsyj", "oauth_token"=>"4/rkiIGFxD1raDCWonLpsfRKabIRpt"}

OAuth::Unauthorized (400 Bad Request):
  oauth (0.4.0) lib/oauth/consumer.rb:215:in `token_request'
  oauth (0.4.0) lib/oauth/tokens/request_token.rb:18:in `get_access_token'
  app/controllers/session_controller.rb:14:in `create'
  /usr/lib/ruby/1.8/mongrel.rb:159:in `process_client'
  /usr/lib/ruby/1.8/mongrel.rb:158:in `each'
  /usr/lib/ruby/1.8/mongrel.rb:158:in `process_client'
  /usr/lib/ruby/1.8/mongrel.rb:285:in `run'
  /usr/lib/ruby/1.8/mongrel.rb:285:in `initialize'
  /usr/lib/ruby/1.8/mongrel.rb:285:in `new'
  /usr/lib/ruby/1.8/mongrel.rb:285:in `run'
  /usr/lib/ruby/1.8/mongrel.rb:268:in `initialize'
  /usr/lib/ruby/1.8/mongrel.rb:268:in `new'
  /usr/lib/ruby/1.8/mongrel.rb:268:in `run'

Rendered rescues/_trace (96.0ms)
Rendered rescues/_request_and_response (9.0ms)
Rendering rescues/layout (internal_server_error)


Processing SessionController#new (for 127.0.0.1 at 2010-06-07 12:54:33) [GET]
Redirected to https://www.google.com/latitude/apps/OAuthAuthorizeToken?oauth_token=4%2FerP8iRti3CIpa8hhE9PnMTE22ARw&domain=ec2-174-129-178-1.compute-1.amazonaws.com
Completed in 736ms (DB: 0) | 302 Found [http://localhost/session/new]


Processing SessionController#new (for 127.0.0.1 at 2010-06-07 12:54:58) [GET]
Redirected to https://www.google.com/latitude/apps/OAuthAuthorizeToken?oauth_token=4%2FkdZl0qUismtvCsfgMU3T6BN2IEUA&domain=ec2-174-129-178-1.compute-1.amazonaws.com
Completed in 746ms (DB: 0) | 302 Found [http://localhost/session/new]


Processing SessionController#new (for 127.0.0.1 at 2010-06-07 12:55:12) [GET]
Redirected to https://www.google.com/latitude/apps/OAuthAuthorizeToken?oauth_token=4%2FYD2Nfo_XbZEG1sVZAd5n8oB6n4p-&domain=ec2-174-129-178-1.compute-1.amazonaws.com
Completed in 699ms (DB: 0) | 302 Found [http://localhost/session/new]


Processing SessionController#create (for 127.0.0.1 at 2010-06-07 12:55:19) [GET]
  Parameters: {"oauth_verifier"=>"1osD2bOHodSIFGleUg3y6dPf", "oauth_token"=>"4/YD2Nfo_XbZEG1sVZAd5n8oB6n4p-"}

Net::HTTPServerException (400 "Bad Request"):
  /usr/lib/ruby/1.8/net/http.rb:2101:in `error!'
  oauth (0.3.1) lib/oauth/consumer.rb:130:in `token_request'
  oauth (0.3.1) lib/oauth/token.rb:65:in `get_access_token'
  app/controllers/session_controller.rb:14:in `create'
  /usr/lib/ruby/1.8/mongrel.rb:159:in `process_client'
  /usr/lib/ruby/1.8/mongrel.rb:158:in `each'
  /usr/lib/ruby/1.8/mongrel.rb:158:in `process_client'
  /usr/lib/ruby/1.8/mongrel.rb:285:in `run'
  /usr/lib/ruby/1.8/mongrel.rb:285:in `initialize'
  /usr/lib/ruby/1.8/mongrel.rb:285:in `new'
  /usr/lib/ruby/1.8/mongrel.rb:285:in `run'
  /usr/lib/ruby/1.8/mongrel.rb:268:in `initialize'
  /usr/lib/ruby/1.8/mongrel.rb:268:in `new'
  /usr/lib/ruby/1.8/mongrel.rb:268:in `run'

Rendered rescues/_trace (92.3ms)
Rendered rescues/_request_and_response (8.0ms)
Rendering rescues/layout (internal_server_error)


Processing SessionController#create (for 127.0.0.1 at 2010-06-07 12:55:36) [GET]
  Parameters: {"oauth_verifier"=>"1osD2bOHodSIFGleUg3y6dPf", "oauth_token"=>"4/YD2Nfo_XbZEG1sVZAd5n8oB6n4p-"}
Completed in 1111ms (View: 1, DB: 0) | 200 OK [http://localhost/session/create?oauth_verifier=1osD2bOHodSIFGleUg3y6dPf&oauth_token=4%2FYD2Nfo_XbZEG1sVZAd5n8oB6n4p-]
